<?xml version="1.0" encoding="UTF-8"?>
<!-- Generated by org.testng.reporters.JUnitReportReporter -->
<testsuite skipped="0" hostname="DESKTOP-72RT92K" name="com.Guru99APP.TestCase.TC_AddNewCustDD_001" tests="18" failures="0" timestamp="2020-05-31T07:28:19 IST" time="255.273" errors="1">
  <testcase name="CustTest" time="14.483" classname="com.Guru99APP.TestCase.TC_AddNewCustDD_001"/>
  <system-out/>
  <testcase name="CustTest" time="14.260" classname="com.Guru99APP.TestCase.TC_AddNewCustDD_001"/>
  <system-out/>
  <testcase name="CustTest" time="14.050" classname="com.Guru99APP.TestCase.TC_AddNewCustDD_001"/>
  <system-out/>
  <testcase name="CustTest" time="13.869" classname="com.Guru99APP.TestCase.TC_AddNewCustDD_001"/>
  <system-out/>
  <testcase name="CustTest" time="15.675" classname="com.Guru99APP.TestCase.TC_AddNewCustDD_001"/>
  <system-out/>
  <testcase name="CustTest" time="14.339" classname="com.Guru99APP.TestCase.TC_AddNewCustDD_001"/>
  <system-out/>
  <testcase name="CustTest" time="15.458" classname="com.Guru99APP.TestCase.TC_AddNewCustDD_001"/>
  <system-out/>
  <testcase name="CustTest" time="13.965" classname="com.Guru99APP.TestCase.TC_AddNewCustDD_001"/>
  <system-out/>
  <testcase name="CustTest" time="16.745" classname="com.Guru99APP.TestCase.TC_AddNewCustDD_001"/>
  <system-out/>
  <testcase name="CustTest" time="13.961" classname="com.Guru99APP.TestCase.TC_AddNewCustDD_001"/>
  <system-out/>
  <testcase name="ALoginTest" time="8.900" classname="com.Guru99APP.TestCase.TC_AddNewCustDD_001"/>
  <system-out/>
  <testcase name="CustTest" time="14.251" classname="com.Guru99APP.TestCase.TC_AddNewCustDD_001"/>
  <system-out/>
  <testcase name="CustTest" time="13.788" classname="com.Guru99APP.TestCase.TC_AddNewCustDD_001"/>
  <system-out/>
  <testcase name="CustTest" time="14.711" classname="com.Guru99APP.TestCase.TC_AddNewCustDD_001"/>
  <system-out/>
  <testcase name="CustTest" time="14.728" classname="com.Guru99APP.TestCase.TC_AddNewCustDD_001"/>
  <system-out/>
  <testcase name="CustTest" time="14.518" classname="com.Guru99APP.TestCase.TC_AddNewCustDD_001"/>
  <system-out/>
  <testcase name="CustTest" time="15.426" classname="com.Guru99APP.TestCase.TC_AddNewCustDD_001"/>
  <system-out/>
  <testcase name="CustTest" time="12.146" classname="com.Guru99APP.TestCase.TC_AddNewCustDD_001">
    <error type="org.openqa.selenium.UnhandledAlertException" message="unexpected alert open: {Alert text : Customer could not be added !!}
  (Session info: chrome=83.0.4103.61): Customer could not be added !!
Build info: version: &#039;3.141.59&#039;, revision: &#039;e82be7d358&#039;, time: &#039;2018-11-14T08:17:03&#039;
System info: host: &#039;DESKTOP-72RT92K&#039;, ip: &#039;192.168.43.39&#039;, os.name: &#039;Windows 10&#039;, os.arch: &#039;amd64&#039;, os.version: &#039;10.0&#039;, java.version: &#039;1.8.0_251&#039;
Driver info: org.openqa.selenium.chrome.ChromeDriver
Capabilities {acceptInsecureCerts: false, browserName: chrome, browserVersion: 83.0.4103.61, chrome: {chromedriverVersion: 83.0.4103.39 (ccbf011cb2d2b..., userDataDir: C:\Users\91971\AppData\Loca...}, goog:chromeOptions: {debuggerAddress: localhost:59425}, javascriptEnabled: true, networkConnectionEnabled: false, pageLoadStrategy: normal, platform: WINDOWS, platformName: WINDOWS, proxy: Proxy(), setWindowRect: true, strictFileInteractability: false, timeouts: {implicit: 0, pageLoad: 300000, script: 30000}, unhandledPromptBehavior: dismiss and notify, webauthn:virtualAuthenticators: true}
Session ID: f07473b195dabdd21a4dbb59eaf4353f
*** Element info: {Using=xpath, value=//p[text()=&#039;Customer Registered Successfully!!!&#039;]}">
      <![CDATA[org.openqa.selenium.UnhandledAlertException: unexpected alert open: {Alert text : Customer could not be added !!}
  (Session info: chrome=83.0.4103.61): Customer could not be added !!
Build info: version: '3.141.59', revision: 'e82be7d358', time: '2018-11-14T08:17:03'
System info: host: 'DESKTOP-72RT92K', ip: '192.168.43.39', os.name: 'Windows 10', os.arch: 'amd64', os.version: '10.0', java.version: '1.8.0_251'
Driver info: org.openqa.selenium.chrome.ChromeDriver
Capabilities {acceptInsecureCerts: false, browserName: chrome, browserVersion: 83.0.4103.61, chrome: {chromedriverVersion: 83.0.4103.39 (ccbf011cb2d2b..., userDataDir: C:\Users\91971\AppData\Loca...}, goog:chromeOptions: {debuggerAddress: localhost:59425}, javascriptEnabled: true, networkConnectionEnabled: false, pageLoadStrategy: normal, platform: WINDOWS, platformName: WINDOWS, proxy: Proxy(), setWindowRect: true, strictFileInteractability: false, timeouts: {implicit: 0, pageLoad: 300000, script: 30000}, unhandledPromptBehavior: dismiss and notify, webauthn:virtualAuthenticators: true}
Session ID: f07473b195dabdd21a4dbb59eaf4353f
*** Element info: {Using=xpath, value=//p[text()='Customer Registered Successfully!!!']}
at org.openqa.selenium.remote.http.W3CHttpResponseCodec.decode(W3CHttpResponseCodec.java:120)
at org.openqa.selenium.remote.http.W3CHttpResponseCodec.decode(W3CHttpResponseCodec.java:49)
at org.openqa.selenium.remote.HttpCommandExecutor.execute(HttpCommandExecutor.java:158)
at org.openqa.selenium.remote.service.DriverCommandExecutor.execute(DriverCommandExecutor.java:83)
at org.openqa.selenium.remote.RemoteWebDriver.execute(RemoteWebDriver.java:552)
at org.openqa.selenium.remote.RemoteWebDriver.findElement(RemoteWebDriver.java:323)
at org.openqa.selenium.remote.RemoteWebDriver.findElementByXPath(RemoteWebDriver.java:428)
at org.openqa.selenium.By$ByXPath.findElement(By.java:353)
at org.openqa.selenium.remote.RemoteWebDriver.findElement(RemoteWebDriver.java:315)
at com.Guru99APP.TestCase.TC_AddNewCustDD_001.CustTest(TC_AddNewCustDD_001.java:63)
at sun.reflect.NativeMethodAccessorImpl.invoke0(Native Method)
at sun.reflect.NativeMethodAccessorImpl.invoke(NativeMethodAccessorImpl.java:62)
at sun.reflect.DelegatingMethodAccessorImpl.invoke(DelegatingMethodAccessorImpl.java:43)
at java.lang.reflect.Method.invoke(Method.java:498)
at org.testng.internal.MethodInvocationHelper.invokeMethod(MethodInvocationHelper.java:135)
at org.testng.internal.TestInvoker.invokeMethod(TestInvoker.java:598)
at org.testng.internal.TestInvoker.invokeTestMethod(TestInvoker.java:174)
at org.testng.internal.MethodRunner.runInSequence(MethodRunner.java:46)
at org.testng.internal.TestInvoker$MethodInvocationAgent.invoke(TestInvoker.java:821)
at org.testng.internal.TestInvoker.invokeTestMethods(TestInvoker.java:147)
at org.testng.internal.TestMethodWorker.invokeTestMethods(TestMethodWorker.java:146)
at org.testng.internal.TestMethodWorker.run(TestMethodWorker.java:128)
at java.util.ArrayList.forEach(ArrayList.java:1257)
at org.testng.TestRunner.privateRun(TestRunner.java:767)
at org.testng.TestRunner.run(TestRunner.java:588)
at org.testng.SuiteRunner.runTest(SuiteRunner.java:384)
at org.testng.SuiteRunner.runSequentially(SuiteRunner.java:378)
at org.testng.SuiteRunner.privateRun(SuiteRunner.java:337)
at org.testng.SuiteRunner.run(SuiteRunner.java:286)
at org.testng.SuiteRunnerWorker.runSuite(SuiteRunnerWorker.java:53)
at org.testng.SuiteRunnerWorker.run(SuiteRunnerWorker.java:96)
at org.testng.TestNG.runSuitesSequentially(TestNG.java:1214)
at org.testng.TestNG.runSuitesLocally(TestNG.java:1136)
at org.testng.TestNG.runSuites(TestNG.java:1066)
at org.testng.TestNG.run(TestNG.java:1034)
at org.testng.remote.AbstractRemoteTestNG.run(AbstractRemoteTestNG.java:115)
at org.testng.remote.RemoteTestNG.initAndRun(RemoteTestNG.java:251)
at org.testng.remote.RemoteTestNG.main(RemoteTestNG.java:77)
]]>
    </error>
  </testcase> <!-- CustTest -->
  <system-out/>
</testsuite> <!-- com.Guru99APP.TestCase.TC_AddNewCustDD_001 -->
