<?xml version="1.0" encoding="UTF-8"?>
<!-- Generated by org.testng.reporters.JUnitXMLReporter -->
<testsuite hostname="DESKTOP-72RT92K" ignored="8" name="ChromeTest" tests="12" failures="2" timestamp="2020-08-28T14:23:51 IST" time="159.154" errors="0">
  <testcase name="@BeforeClass beforeClass" time="6.185" classname="com.hero.config.StartBrowser">
    <failure type="org.openqa.selenium.NoSuchSessionException" message="invalid session id
Build info: version: &amp;apos;3.141.59&amp;apos;, revision: &amp;apos;e82be7d358&amp;apos;, time: &amp;apos;2018-11-14T08:17:03&amp;apos;
System info: host: &amp;apos;DESKTOP-72RT92K&amp;apos;, ip: &amp;apos;192.168.0.103&amp;apos;, os.name: &amp;apos;Windows 10&amp;apos;, os.arch: &amp;apos;amd64&amp;apos;, os.version: &amp;apos;10.0&amp;apos;, java.version: &amp;apos;1.8.0_251&amp;apos;
Driver info: org.openqa.selenium.chrome.ChromeDriver
Capabilities {acceptInsecureCerts: false, browserName: chrome, browserVersion: 84.0.4147.135, chrome: {chromedriverVersion: 84.0.4147.30 (48b3e868b4cc0..., userDataDir: C:\Users\91971\AppData\Loca...}, goog:chromeOptions: {debuggerAddress: localhost:50919}, javascriptEnabled: true, networkConnectionEnabled: false, pageLoadStrategy: normal, platform: WINDOWS, platformName: WINDOWS, proxy: Proxy(), setWindowRect: true, strictFileInteractability: false, timeouts: {implicit: 0, pageLoad: 300000, script: 30000}, unhandledPromptBehavior: dismiss and notify, webauthn:virtualAuthenticators: true}
Session ID: af69599a4ccfa145630983ab55d29fe5">
      <![CDATA[org.openqa.selenium.NoSuchSessionException: invalid session id
Build info: version: '3.141.59', revision: 'e82be7d358', time: '2018-11-14T08:17:03'
System info: host: 'DESKTOP-72RT92K', ip: '192.168.0.103', os.name: 'Windows 10', os.arch: 'amd64', os.version: '10.0', java.version: '1.8.0_251'
Driver info: org.openqa.selenium.chrome.ChromeDriver
Capabilities {acceptInsecureCerts: false, browserName: chrome, browserVersion: 84.0.4147.135, chrome: {chromedriverVersion: 84.0.4147.30 (48b3e868b4cc0..., userDataDir: C:\Users\91971\AppData\Loca...}, goog:chromeOptions: {debuggerAddress: localhost:50919}, javascriptEnabled: true, networkConnectionEnabled: false, pageLoadStrategy: normal, platform: WINDOWS, platformName: WINDOWS, proxy: Proxy(), setWindowRect: true, strictFileInteractability: false, timeouts: {implicit: 0, pageLoad: 300000, script: 30000}, unhandledPromptBehavior: dismiss and notify, webauthn:virtualAuthenticators: true}
Session ID: af69599a4ccfa145630983ab55d29fe5
at org.openqa.selenium.remote.http.W3CHttpResponseCodec.createException(W3CHttpResponseCodec.java:187)
at org.openqa.selenium.remote.http.W3CHttpResponseCodec.decode(W3CHttpResponseCodec.java:122)
at org.openqa.selenium.remote.http.W3CHttpResponseCodec.decode(W3CHttpResponseCodec.java:49)
at org.openqa.selenium.remote.HttpCommandExecutor.execute(HttpCommandExecutor.java:158)
at org.openqa.selenium.remote.service.DriverCommandExecutor.execute(DriverCommandExecutor.java:83)
at org.openqa.selenium.remote.RemoteWebDriver.execute(RemoteWebDriver.java:552)
at org.openqa.selenium.remote.RemoteWebDriver$RemoteWebDriverOptions$RemoteTimeouts.pageLoadTimeout(RemoteWebDriver.java:792)
at com.hero.config.StartBrowser.beforeClass(StartBrowser.java:113)
at java.util.ArrayList.forEach(ArrayList.java:1257)
at java.util.concurrent.FutureTask.run(FutureTask.java:266)
at java.util.concurrent.ThreadPoolExecutor.runWorker(ThreadPoolExecutor.java:1149)
at java.util.concurrent.ThreadPoolExecutor$Worker.run(ThreadPoolExecutor.java:624)
at java.lang.Thread.run(Thread.java:748)
... Removed 20 stack frames]]>
    </failure>
  </testcase> <!-- @BeforeClass beforeClass -->
  <testcase name="@BeforeMethod setup" time="-1.598604703698E9" classname="com.hero.config.StartBrowser">
    <skipped/>
  </testcase> <!-- @BeforeMethod setup -->
  <testcase name="@AfterMethod getResult" time="-1.598604703708E9" classname="com.hero.config.StartBrowser">
    <skipped/>
  </testcase> <!-- @AfterMethod getResult -->
  <testcase name="@BeforeMethod setup" time="-1.598604703711E9" classname="com.hero.config.StartBrowser">
    <skipped/>
  </testcase> <!-- @BeforeMethod setup -->
  <testcase name="@AfterMethod getResult" time="-1.598604703718E9" classname="com.hero.config.StartBrowser">
    <skipped/>
  </testcase> <!-- @AfterMethod getResult -->
  <testcase name="@BeforeMethod setup" time="-1.598604703721E9" classname="com.hero.config.StartBrowser">
    <skipped/>
  </testcase> <!-- @BeforeMethod setup -->
  <testcase name="@AfterMethod getResult" time="-1.598604703731E9" classname="com.hero.config.StartBrowser">
    <skipped/>
  </testcase> <!-- @AfterMethod getResult -->
  <testcase name="@BeforeMethod setup" time="-1.598604703738E9" classname="com.hero.config.StartBrowser">
    <skipped/>
  </testcase> <!-- @BeforeMethod setup -->
  <testcase name="@AfterMethod getResult" time="-1.598604703752E9" classname="com.hero.config.StartBrowser">
    <skipped/>
  </testcase> <!-- @AfterMethod getResult -->
  <testcase name="@BeforeMethod setup" time="-1.598604703761E9" classname="com.hero.config.StartBrowser">
    <skipped/>
  </testcase> <!-- @BeforeMethod setup -->
  <testcase name="@AfterMethod getResult" time="-1.598604703768E9" classname="com.hero.config.StartBrowser">
    <skipped/>
  </testcase> <!-- @AfterMethod getResult -->
  <testcase name="@BeforeMethod setup" time="-1.598604703781E9" classname="com.hero.config.StartBrowser">
    <skipped/>
  </testcase> <!-- @BeforeMethod setup -->
  <testcase name="@AfterMethod getResult" time="-1.598604703805E9" classname="com.hero.config.StartBrowser">
    <skipped/>
  </testcase> <!-- @AfterMethod getResult -->
  <testcase name="@BeforeMethod setup" time="-1.598604703818E9" classname="com.hero.config.StartBrowser">
    <skipped/>
  </testcase> <!-- @BeforeMethod setup -->
  <testcase name="@AfterMethod getResult" time="-1.598604703834E9" classname="com.hero.config.StartBrowser">
    <skipped/>
  </testcase> <!-- @AfterMethod getResult -->
  <testcase name="@BeforeMethod setup" time="-1.598604703836E9" classname="com.hero.config.StartBrowser">
    <skipped/>
  </testcase> <!-- @BeforeMethod setup -->
  <testcase name="@AfterMethod getResult" time="-1.598604703868E9" classname="com.hero.config.StartBrowser">
    <skipped/>
  </testcase> <!-- @AfterMethod getResult -->
  <testcase name="@BeforeMethod setup" time="-1.598604703878E9" classname="com.hero.config.StartBrowser">
    <skipped/>
  </testcase> <!-- @BeforeMethod setup -->
  <testcase name="@AfterMethod getResult" time="-1.598604703892E9" classname="com.hero.config.StartBrowser">
    <skipped/>
  </testcase> <!-- @AfterMethod getResult -->
  <testcase name="@BeforeMethod setup" time="-1.598604703899E9" classname="com.hero.config.StartBrowser">
    <skipped/>
  </testcase> <!-- @BeforeMethod setup -->
  <testcase name="@AfterMethod getResult" time="-1.598604703915E9" classname="com.hero.config.StartBrowser">
    <skipped/>
  </testcase> <!-- @AfterMethod getResult -->
  <testcase name="@AfterClass afterClass" time="-1.598604703918E9" classname="com.hero.config.StartBrowser">
    <skipped/>
  </testcase> <!-- @AfterClass afterClass -->
  <testcase name="verifyRegistration" time="4.966" classname="com.hero.testCases2.TC_RegistrationForm1_001">
    <failure type="org.openqa.selenium.StaleElementReferenceException" message="The element reference of &amp;lt;input class=&amp;quot;greenButton registerPHQGHQ&amp;quot; name=&amp;quot;Command&amp;quot; type=&amp;quot;submit&amp;quot;&amp;gt; is stale; either the element is no longer attached to the DOM, it is not in the current frame context, or the document has been refreshed
For documentation on this error, please visit: https://www.seleniumhq.org/exceptions/stale_element_reference.html
Build info: version: &amp;apos;3.141.59&amp;apos;, revision: &amp;apos;e82be7d358&amp;apos;, time: &amp;apos;2018-11-14T08:17:03&amp;apos;
System info: host: &amp;apos;DESKTOP-72RT92K&amp;apos;, ip: &amp;apos;192.168.0.103&amp;apos;, os.name: &amp;apos;Windows 10&amp;apos;, os.arch: &amp;apos;amd64&amp;apos;, os.version: &amp;apos;10.0&amp;apos;, java.version: &amp;apos;1.8.0_251&amp;apos;
Driver info: org.openqa.selenium.firefox.FirefoxDriver
Capabilities {acceptInsecureCerts: true, browserName: firefox, browserVersion: 79.0, javascriptEnabled: true, moz:accessibilityChecks: false, moz:buildID: 20200720193547, moz:geckodriverVersion: 0.27.0, moz:headless: false, moz:processID: 12916, moz:profile: C:\Users\91971\AppData\Loca..., moz:shutdownTimeout: 60000, moz:useNonSpecCompliantPointerOrigin: false, moz:webdriverClick: true, pageLoadStrategy: normal, platform: WINDOWS, platformName: WINDOWS, platformVersion: 10.0, rotatable: false, setWindowRect: true, strictFileInteractability: false, timeouts: {implicit: 0, pageLoad: 300000, script: 30000}, unhandledPromptBehavior: dismiss and notify}
Session ID: 2185bea3-3ca3-4588-a61b-b2ea9843358c">
      <![CDATA[org.openqa.selenium.StaleElementReferenceException: The element reference of <input class="greenButton registerPHQGHQ" name="Command" type="submit"> is stale; either the element is no longer attached to the DOM, it is not in the current frame context, or the document has been refreshed
For documentation on this error, please visit: https://www.seleniumhq.org/exceptions/stale_element_reference.html
Build info: version: '3.141.59', revision: 'e82be7d358', time: '2018-11-14T08:17:03'
System info: host: 'DESKTOP-72RT92K', ip: '192.168.0.103', os.name: 'Windows 10', os.arch: 'amd64', os.version: '10.0', java.version: '1.8.0_251'
Driver info: org.openqa.selenium.firefox.FirefoxDriver
Capabilities {acceptInsecureCerts: true, browserName: firefox, browserVersion: 79.0, javascriptEnabled: true, moz:accessibilityChecks: false, moz:buildID: 20200720193547, moz:geckodriverVersion: 0.27.0, moz:headless: false, moz:processID: 12916, moz:profile: C:\Users\91971\AppData\Loca..., moz:shutdownTimeout: 60000, moz:useNonSpecCompliantPointerOrigin: false, moz:webdriverClick: true, pageLoadStrategy: normal, platform: WINDOWS, platformName: WINDOWS, platformVersion: 10.0, rotatable: false, setWindowRect: true, strictFileInteractability: false, timeouts: {implicit: 0, pageLoad: 300000, script: 30000}, unhandledPromptBehavior: dismiss and notify}
Session ID: 2185bea3-3ca3-4588-a61b-b2ea9843358c
at org.openqa.selenium.remote.http.W3CHttpResponseCodec.createException(W3CHttpResponseCodec.java:187)
at org.openqa.selenium.remote.http.W3CHttpResponseCodec.decode(W3CHttpResponseCodec.java:122)
at org.openqa.selenium.remote.http.W3CHttpResponseCodec.decode(W3CHttpResponseCodec.java:49)
at org.openqa.selenium.remote.HttpCommandExecutor.execute(HttpCommandExecutor.java:158)
at org.openqa.selenium.remote.service.DriverCommandExecutor.execute(DriverCommandExecutor.java:83)
at org.openqa.selenium.remote.RemoteWebDriver.execute(RemoteWebDriver.java:552)
at org.openqa.selenium.remote.RemoteWebElement.execute(RemoteWebElement.java:285)
at org.openqa.selenium.remote.RemoteWebElement.click(RemoteWebElement.java:84)
at com.hero.config.ActionDriver.click(ActionDriver.java:56)
at com.hero.pageObjects.RegistorPage.clickOnRegistorLink(RegistorPage.java:395)
at com.hero.testCases2.TC_RegistrationForm1_001.verifyRegistration(TC_RegistrationForm1_001.java:41)
at java.util.ArrayList.forEach(ArrayList.java:1257)
at java.util.concurrent.FutureTask.run(FutureTask.java:266)
at java.util.concurrent.ThreadPoolExecutor.runWorker(ThreadPoolExecutor.java:1149)
at java.util.concurrent.ThreadPoolExecutor$Worker.run(ThreadPoolExecutor.java:624)
at java.lang.Thread.run(Thread.java:748)
... Removed 22 stack frames]]>
    </failure>
  </testcase> <!-- verifyRegistration -->
  <testcase name="verifyRegWithDoNotWantCoverage" time="0.0" classname="com.hero.testCases2.TC_RegForm1HealthInsPlnNoWithWvngCovgReason_002">
    <skipped/>
  </testcase> <!-- verifyRegWithDoNotWantCoverage -->
  <testcase name="verifyRegWithIndividual" time="0.0" classname="com.hero.testCases2.TC_RegForm1HealthInsPlnNoWithWvngCovgReason_002">
    <skipped/>
  </testcase> <!-- verifyRegWithIndividual -->
  <testcase name="verifyRegWithMedicaid" time="0.0" classname="com.hero.testCases2.TC_RegForm1HealthInsPlnNoWithWvngCovgReason_002">
    <skipped/>
  </testcase> <!-- verifyRegWithMedicaid -->
  <testcase name="verifyRegWithMedicare" time="0.0" classname="com.hero.testCases2.TC_RegForm1HealthInsPlnNoWithWvngCovgReason_002">
    <skipped/>
  </testcase> <!-- verifyRegWithMedicare -->
  <testcase name="verifyRegWithOtherReason" time="0.0" classname="com.hero.testCases2.TC_RegForm1HealthInsPlnNoWithWvngCovgReason_002">
    <skipped/>
  </testcase> <!-- verifyRegWithOtherReason -->
  <testcase name="verifyRegWithSUnderAnotherPln" time="0.0" classname="com.hero.testCases2.TC_RegForm1HealthInsPlnNoWithWvngCovgReason_002">
    <skipped/>
  </testcase> <!-- verifyRegWithSUnderAnotherPln -->
  <testcase name="verifyRegWithSpousePln" time="0.0" classname="com.hero.testCases2.TC_RegForm1HealthInsPlnNoWithWvngCovgReason_002">
    <skipped/>
  </testcase> <!-- verifyRegWithSpousePln -->
  <testcase name="verifyRegWithVeterans" time="0.0" classname="com.hero.testCases2.TC_RegForm1HealthInsPlnNoWithWvngCovgReason_002">
    <skipped/>
  </testcase> <!-- verifyRegWithVeterans -->
  <testcase name="verifyRegWithWaitingPriod" time="0.0" classname="com.hero.testCases2.TC_RegForm1HealthInsPlnNoWithWvngCovgReason_002">
    <skipped/>
  </testcase> <!-- verifyRegWithWaitingPriod -->
  <testcase name="verifyRegWithselNotEligible" time="0.0" classname="com.hero.testCases2.TC_RegForm1HealthInsPlnNoWithWvngCovgReason_002">
    <skipped/>
  </testcase> <!-- verifyRegWithselNotEligible -->
  <testcase name="VerifyRegForm1MedCondTrtmntYes_3" time="105.707" classname="com.hero.testCases2.TC_VerifyRegForm1MedCondTrtmntYes_003">
    <failure type="org.openqa.selenium.TimeoutException" message="Expected condition failed: waiting for element to be clickable: By.xpath: //*[@id=&amp;quot;nextbutton&amp;quot;] (tried for 10 second(s) with 500 milliseconds interval)">
      <![CDATA[org.openqa.selenium.TimeoutException: Expected condition failed: waiting for element to be clickable: By.xpath: //*[@id="nextbutton"] (tried for 10 second(s) with 500 milliseconds interval)
at org.openqa.selenium.support.ui.WebDriverWait.timeoutException(WebDriverWait.java:95)
at org.openqa.selenium.support.ui.FluentWait.until(FluentWait.java:272)
at com.hero.config.ActionDriver.click(ActionDriver.java:55)
at com.hero.pageObjects.RegistorPage.clickOnNext(RegistorPage.java:488)
at com.hero.testCases2.TC_VerifyRegForm1MedCondTrtmntYes_003.VerifyRegForm1MedCondTrtmntYes_3(TC_VerifyRegForm1MedCondTrtmntYes_003.java:65)
at java.util.ArrayList.forEach(ArrayList.java:1257)
at java.util.concurrent.FutureTask.run(FutureTask.java:266)
at java.util.concurrent.ThreadPoolExecutor.runWorker(ThreadPoolExecutor.java:1149)
at java.util.concurrent.ThreadPoolExecutor$Worker.run(ThreadPoolExecutor.java:624)
at java.lang.Thread.run(Thread.java:748)
Caused by: org.openqa.selenium.NoSuchElementException: Unable to locate element: //*[@id="nextbutton"]
For documentation on this error, please visit: https://www.seleniumhq.org/exceptions/no_such_element.html
Build info: version: '3.141.59', revision: 'e82be7d358', time: '2018-11-14T08:17:03'
System info: host: 'DESKTOP-72RT92K', ip: '192.168.0.103', os.name: 'Windows 10', os.arch: 'amd64', os.version: '10.0', java.version: '1.8.0_251'
Driver info: org.openqa.selenium.firefox.FirefoxDriver
Capabilities {acceptInsecureCerts: true, browserName: firefox, browserVersion: 79.0, javascriptEnabled: true, moz:accessibilityChecks: false, moz:buildID: 20200720193547, moz:geckodriverVersion: 0.27.0, moz:headless: false, moz:processID: 12996, moz:profile: C:\Users\91971\AppData\Loca..., moz:shutdownTimeout: 60000, moz:useNonSpecCompliantPointerOrigin: false, moz:webdriverClick: true, pageLoadStrategy: normal, platform: WINDOWS, platformName: WINDOWS, platformVersion: 10.0, rotatable: false, setWindowRect: true, strictFileInteractability: false, timeouts: {implicit: 0, pageLoad: 300000, script: 30000}, unhandledPromptBehavior: dismiss and notify}
Session ID: e890b634-746f-49de-b1ee-18995e67ae32
*** Element info: {Using=xpath, value=//*[@id="nextbutton"]}
at org.openqa.selenium.remote.http.W3CHttpResponseCodec.createException(W3CHttpResponseCodec.java:187)
at org.openqa.selenium.remote.http.W3CHttpResponseCodec.decode(W3CHttpResponseCodec.java:122)
at org.openqa.selenium.remote.http.W3CHttpResponseCodec.decode(W3CHttpResponseCodec.java:49)
at org.openqa.selenium.remote.HttpCommandExecutor.execute(HttpCommandExecutor.java:158)
at org.openqa.selenium.remote.service.DriverCommandExecutor.execute(DriverCommandExecutor.java:83)
at org.openqa.selenium.remote.RemoteWebDriver.execute(RemoteWebDriver.java:552)
at org.openqa.selenium.remote.RemoteWebDriver.findElement(RemoteWebDriver.java:323)
at org.openqa.selenium.remote.RemoteWebDriver.findElementByXPath(RemoteWebDriver.java:428)
at org.openqa.selenium.By$ByXPath.findElement(By.java:353)
at org.openqa.selenium.remote.RemoteWebDriver.findElement(RemoteWebDriver.java:315)
at org.openqa.selenium.support.ui.ExpectedConditions$7.apply(ExpectedConditions.java:205)
at org.openqa.selenium.support.ui.ExpectedConditions$7.apply(ExpectedConditions.java:201)
at org.openqa.selenium.support.ui.ExpectedConditions$22.apply(ExpectedConditions.java:641)
at org.openqa.selenium.support.ui.ExpectedConditions$22.apply(ExpectedConditions.java:638)
at org.openqa.selenium.support.ui.FluentWait.until(FluentWait.java:249)
... 26 more
... Removed 21 stack frames]]>
    </failure>
  </testcase> <!-- VerifyRegForm1MedCondTrtmntYes_3 -->
  <testcase name="@BeforeSuite beforeSuite" time="0.0" classname="com.hero.config.StartBrowser">
    <ignored/>
  </testcase> <!-- @BeforeSuite beforeSuite -->
  <testcase name="@BeforeSuite beforeSuite" time="0.0" classname="com.hero.config.StartBrowser">
    <ignored/>
  </testcase> <!-- @BeforeSuite beforeSuite -->
  <testcase name="@AfterTest afterTest" time="0.0" classname="com.hero.config.StartBrowser">
    <ignored/>
  </testcase> <!-- @AfterTest afterTest -->
  <testcase name="@AfterTest afterTest" time="0.0" classname="com.hero.config.StartBrowser">
    <ignored/>
  </testcase> <!-- @AfterTest afterTest -->
  <testcase name="@AfterSuite afterSuite" time="0.0" classname="com.hero.config.StartBrowser">
    <ignored/>
  </testcase> <!-- @AfterSuite afterSuite -->
  <testcase name="@AfterSuite afterSuite" time="0.0" classname="com.hero.config.StartBrowser">
    <ignored/>
  </testcase> <!-- @AfterSuite afterSuite -->
  <testcase name="@BeforeTest extentReporGenerator" time="0.0" classname="com.hero.config.StartBrowser">
    <ignored/>
  </testcase> <!-- @BeforeTest extentReporGenerator -->
  <testcase name="@BeforeTest extentReporGenerator" time="0.0" classname="com.hero.config.StartBrowser">
    <ignored/>
  </testcase> <!-- @BeforeTest extentReporGenerator -->
</testsuite> <!-- ChromeTest -->
